2023-12-27 23:16:50 [scrapy.utils.log] INFO: Scrapy 2.11.0 started (bot: crawler)
2023-12-27 23:16:50 [scrapy.utils.log] INFO: Versions: lxml 4.9.4.0, libxml2 2.10.3, cssselect 1.2.0, parsel 1.8.1, w3lib 2.1.2, Twisted 22.10.0, Python 3.11.5 (main, Sep 11 2023, 08:31:25) [Clang 14.0.6 ], pyOpenSSL 23.3.0 (OpenSSL 3.1.4 24 Oct 2023), cryptography 41.0.7, Platform macOS-13.6.1-arm64-arm-64bit
2023-12-27 23:16:50 [scrapy.addons] INFO: Enabled addons:
[]
2023-12-27 23:16:50 [asyncio] DEBUG: Using selector: KqueueSelector
2023-12-27 23:16:50 [scrapy.utils.log] DEBUG: Using reactor: twisted.internet.asyncioreactor.AsyncioSelectorReactor
2023-12-27 23:16:50 [scrapy.utils.log] DEBUG: Using asyncio event loop: asyncio.unix_events._UnixSelectorEventLoop
2023-12-27 23:16:50 [scrapy.extensions.telnet] INFO: Telnet Password: a0f9946c329b64a4
2023-12-27 23:16:50 [scrapy.middleware] INFO: Enabled extensions:
['scrapy.extensions.corestats.CoreStats',
 'scrapy.extensions.telnet.TelnetConsole',
 'scrapy.extensions.memusage.MemoryUsage']
2023-12-27 23:16:50 [scrapy.crawler] INFO: Overridden settings:
{'BOT_NAME': 'crawler',
 'DUPEFILTER_CLASS': 'scrapy.dupefilters.BaseDupeFilter',
 'FEED_EXPORT_ENCODING': 'utf-8',
 'LOGSTATS_INTERVAL': 0,
 'LOG_FILE': 'crawler.log',
 'NEWSPIDER_MODULE': 'crawler.spiders',
 'REQUEST_FINGERPRINTER_IMPLEMENTATION': '2.7',
 'SPIDER_MODULES': ['crawler.spiders'],
 'TWISTED_REACTOR': 'twisted.internet.asyncioreactor.AsyncioSelectorReactor'}
2023-12-27 23:16:50 [scrapy.middleware] INFO: Enabled downloader middlewares:
['scrapy.downloadermiddlewares.httpauth.HttpAuthMiddleware',
 'scrapy.downloadermiddlewares.downloadtimeout.DownloadTimeoutMiddleware',
 'scrapy.downloadermiddlewares.defaultheaders.DefaultHeadersMiddleware',
 'scrapy.downloadermiddlewares.useragent.UserAgentMiddleware',
 'scrapy.downloadermiddlewares.retry.RetryMiddleware',
 'scrapy.downloadermiddlewares.redirect.MetaRefreshMiddleware',
 'scrapy.downloadermiddlewares.httpcompression.HttpCompressionMiddleware',
 'scrapy.downloadermiddlewares.redirect.RedirectMiddleware',
 'scrapy.downloadermiddlewares.cookies.CookiesMiddleware',
 'scrapy.downloadermiddlewares.httpproxy.HttpProxyMiddleware',
 'scrapy.downloadermiddlewares.stats.DownloaderStats']
2023-12-27 23:16:50 [scrapy.middleware] INFO: Enabled spider middlewares:
['scrapy.spidermiddlewares.httperror.HttpErrorMiddleware',
 'scrapy.spidermiddlewares.offsite.OffsiteMiddleware',
 'scrapy.spidermiddlewares.referer.RefererMiddleware',
 'scrapy.spidermiddlewares.urllength.UrlLengthMiddleware',
 'scrapy.spidermiddlewares.depth.DepthMiddleware']
2023-12-27 23:16:50 [scrapy.middleware] INFO: Enabled item pipelines:
[]
2023-12-27 23:16:50 [scrapy.extensions.telnet] INFO: Telnet console listening on 127.0.0.1:6023
2023-12-27 23:20:03 [scrapy.utils.log] INFO: Scrapy 2.11.0 started (bot: crawler)
2023-12-27 23:20:03 [scrapy.utils.log] INFO: Versions: lxml 4.9.4.0, libxml2 2.10.3, cssselect 1.2.0, parsel 1.8.1, w3lib 2.1.2, Twisted 22.10.0, Python 3.11.5 (main, Sep 11 2023, 08:31:25) [Clang 14.0.6 ], pyOpenSSL 23.3.0 (OpenSSL 3.1.4 24 Oct 2023), cryptography 41.0.7, Platform macOS-13.6.1-arm64-arm-64bit
2023-12-27 23:20:03 [scrapy.addons] INFO: Enabled addons:
[]
2023-12-27 23:20:03 [asyncio] DEBUG: Using selector: KqueueSelector
2023-12-27 23:20:03 [scrapy.utils.log] DEBUG: Using reactor: twisted.internet.asyncioreactor.AsyncioSelectorReactor
2023-12-27 23:20:03 [scrapy.utils.log] DEBUG: Using asyncio event loop: asyncio.unix_events._UnixSelectorEventLoop
2023-12-27 23:20:03 [scrapy.extensions.telnet] INFO: Telnet Password: cce4ea543ac279ac
2023-12-27 23:20:03 [scrapy.middleware] INFO: Enabled extensions:
['scrapy.extensions.corestats.CoreStats',
 'scrapy.extensions.telnet.TelnetConsole',
 'scrapy.extensions.memusage.MemoryUsage']
2023-12-27 23:20:03 [scrapy.crawler] INFO: Overridden settings:
{'BOT_NAME': 'crawler',
 'DUPEFILTER_CLASS': 'scrapy.dupefilters.BaseDupeFilter',
 'FEED_EXPORT_ENCODING': 'utf-8',
 'LOGSTATS_INTERVAL': 0,
 'LOG_FILE': 'crawler.log',
 'NEWSPIDER_MODULE': 'crawler.spiders',
 'REQUEST_FINGERPRINTER_IMPLEMENTATION': '2.7',
 'SPIDER_MODULES': ['crawler.spiders'],
 'TWISTED_REACTOR': 'twisted.internet.asyncioreactor.AsyncioSelectorReactor'}
2023-12-27 23:20:03 [scrapy.middleware] INFO: Enabled downloader middlewares:
['scrapy.downloadermiddlewares.httpauth.HttpAuthMiddleware',
 'scrapy.downloadermiddlewares.downloadtimeout.DownloadTimeoutMiddleware',
 'scrapy.downloadermiddlewares.defaultheaders.DefaultHeadersMiddleware',
 'scrapy.downloadermiddlewares.useragent.UserAgentMiddleware',
 'scrapy.downloadermiddlewares.retry.RetryMiddleware',
 'scrapy.downloadermiddlewares.redirect.MetaRefreshMiddleware',
 'scrapy.downloadermiddlewares.httpcompression.HttpCompressionMiddleware',
 'scrapy.downloadermiddlewares.redirect.RedirectMiddleware',
 'scrapy.downloadermiddlewares.cookies.CookiesMiddleware',
 'scrapy.downloadermiddlewares.httpproxy.HttpProxyMiddleware',
 'scrapy.downloadermiddlewares.stats.DownloaderStats']
2023-12-27 23:20:03 [scrapy.middleware] INFO: Enabled spider middlewares:
['scrapy.spidermiddlewares.httperror.HttpErrorMiddleware',
 'scrapy.spidermiddlewares.offsite.OffsiteMiddleware',
 'scrapy.spidermiddlewares.referer.RefererMiddleware',
 'scrapy.spidermiddlewares.urllength.UrlLengthMiddleware',
 'scrapy.spidermiddlewares.depth.DepthMiddleware']
2023-12-27 23:20:03 [scrapy.middleware] INFO: Enabled item pipelines:
[]
2023-12-27 23:20:03 [scrapy.extensions.telnet] INFO: Telnet console listening on 127.0.0.1:6023
2023-12-27 23:26:28 [scrapy.utils.log] INFO: Scrapy 2.11.0 started (bot: crawler)
2023-12-27 23:26:28 [scrapy.utils.log] INFO: Versions: lxml 4.9.4.0, libxml2 2.10.3, cssselect 1.2.0, parsel 1.8.1, w3lib 2.1.2, Twisted 22.10.0, Python 3.11.5 (main, Sep 11 2023, 08:31:25) [Clang 14.0.6 ], pyOpenSSL 23.3.0 (OpenSSL 3.1.4 24 Oct 2023), cryptography 41.0.7, Platform macOS-13.6.1-arm64-arm-64bit
2023-12-27 23:26:28 [scrapy.addons] INFO: Enabled addons:
[]
2023-12-27 23:26:28 [asyncio] DEBUG: Using selector: KqueueSelector
2023-12-27 23:26:28 [scrapy.utils.log] DEBUG: Using reactor: twisted.internet.asyncioreactor.AsyncioSelectorReactor
2023-12-27 23:26:28 [scrapy.utils.log] DEBUG: Using asyncio event loop: asyncio.unix_events._UnixSelectorEventLoop
2023-12-27 23:26:28 [scrapy.extensions.telnet] INFO: Telnet Password: c7a9776de1102f6a
2023-12-27 23:26:28 [scrapy.middleware] INFO: Enabled extensions:
['scrapy.extensions.corestats.CoreStats',
 'scrapy.extensions.telnet.TelnetConsole',
 'scrapy.extensions.memusage.MemoryUsage']
2023-12-27 23:26:28 [scrapy.crawler] INFO: Overridden settings:
{'BOT_NAME': 'crawler',
 'DUPEFILTER_CLASS': 'scrapy.dupefilters.BaseDupeFilter',
 'FEED_EXPORT_ENCODING': 'utf-8',
 'LOGSTATS_INTERVAL': 0,
 'LOG_FILE': 'crawler.log',
 'NEWSPIDER_MODULE': 'crawler.spiders',
 'REQUEST_FINGERPRINTER_IMPLEMENTATION': '2.7',
 'SPIDER_MODULES': ['crawler.spiders'],
 'TWISTED_REACTOR': 'twisted.internet.asyncioreactor.AsyncioSelectorReactor'}
2023-12-27 23:26:28 [scrapy.middleware] INFO: Enabled downloader middlewares:
['scrapy.downloadermiddlewares.httpauth.HttpAuthMiddleware',
 'scrapy.downloadermiddlewares.downloadtimeout.DownloadTimeoutMiddleware',
 'scrapy.downloadermiddlewares.defaultheaders.DefaultHeadersMiddleware',
 'scrapy.downloadermiddlewares.useragent.UserAgentMiddleware',
 'scrapy.downloadermiddlewares.retry.RetryMiddleware',
 'scrapy.downloadermiddlewares.redirect.MetaRefreshMiddleware',
 'scrapy.downloadermiddlewares.httpcompression.HttpCompressionMiddleware',
 'scrapy.downloadermiddlewares.redirect.RedirectMiddleware',
 'scrapy.downloadermiddlewares.cookies.CookiesMiddleware',
 'scrapy.downloadermiddlewares.httpproxy.HttpProxyMiddleware',
 'scrapy.downloadermiddlewares.stats.DownloaderStats']
2023-12-27 23:26:28 [scrapy.middleware] INFO: Enabled spider middlewares:
['scrapy.spidermiddlewares.httperror.HttpErrorMiddleware',
 'scrapy.spidermiddlewares.offsite.OffsiteMiddleware',
 'scrapy.spidermiddlewares.referer.RefererMiddleware',
 'scrapy.spidermiddlewares.urllength.UrlLengthMiddleware',
 'scrapy.spidermiddlewares.depth.DepthMiddleware']
2023-12-27 23:26:28 [scrapy.middleware] INFO: Enabled item pipelines:
[]
2023-12-27 23:26:28 [scrapy.extensions.telnet] INFO: Telnet console listening on 127.0.0.1:6023
2023-12-28 11:11:24 [scrapy.utils.log] INFO: Scrapy 2.11.0 started (bot: crawler)
2023-12-28 11:11:24 [scrapy.utils.log] INFO: Versions: lxml 4.9.4.0, libxml2 2.10.3, cssselect 1.2.0, parsel 1.8.1, w3lib 2.1.2, Twisted 22.10.0, Python 3.11.5 (main, Sep 11 2023, 08:31:25) [Clang 14.0.6 ], pyOpenSSL 23.3.0 (OpenSSL 3.1.4 24 Oct 2023), cryptography 41.0.7, Platform macOS-13.6.1-arm64-arm-64bit
2023-12-28 11:11:24 [scrapy.addons] INFO: Enabled addons:
[]
2023-12-28 11:11:24 [asyncio] DEBUG: Using selector: KqueueSelector
2023-12-28 11:11:24 [scrapy.utils.log] DEBUG: Using reactor: twisted.internet.asyncioreactor.AsyncioSelectorReactor
2023-12-28 11:11:24 [scrapy.utils.log] DEBUG: Using asyncio event loop: asyncio.unix_events._UnixSelectorEventLoop
2023-12-28 11:11:24 [scrapy.extensions.telnet] INFO: Telnet Password: 1d754637779e0acd
2023-12-28 11:11:24 [scrapy.middleware] INFO: Enabled extensions:
['scrapy.extensions.corestats.CoreStats',
 'scrapy.extensions.telnet.TelnetConsole',
 'scrapy.extensions.memusage.MemoryUsage']
2023-12-28 11:11:24 [scrapy.crawler] INFO: Overridden settings:
{'BOT_NAME': 'crawler',
 'DUPEFILTER_CLASS': 'scrapy.dupefilters.BaseDupeFilter',
 'FEED_EXPORT_ENCODING': 'utf-8',
 'LOGSTATS_INTERVAL': 0,
 'LOG_FILE': 'crawler.log',
 'NEWSPIDER_MODULE': 'crawler.spiders',
 'REQUEST_FINGERPRINTER_IMPLEMENTATION': '2.7',
 'SPIDER_MODULES': ['crawler.spiders'],
 'TWISTED_REACTOR': 'twisted.internet.asyncioreactor.AsyncioSelectorReactor'}
2023-12-28 11:11:24 [scrapy.middleware] INFO: Enabled downloader middlewares:
['scrapy.downloadermiddlewares.httpauth.HttpAuthMiddleware',
 'scrapy.downloadermiddlewares.downloadtimeout.DownloadTimeoutMiddleware',
 'scrapy.downloadermiddlewares.defaultheaders.DefaultHeadersMiddleware',
 'scrapy.downloadermiddlewares.useragent.UserAgentMiddleware',
 'scrapy.downloadermiddlewares.retry.RetryMiddleware',
 'scrapy.downloadermiddlewares.redirect.MetaRefreshMiddleware',
 'scrapy.downloadermiddlewares.httpcompression.HttpCompressionMiddleware',
 'scrapy.downloadermiddlewares.redirect.RedirectMiddleware',
 'scrapy.downloadermiddlewares.cookies.CookiesMiddleware',
 'scrapy.downloadermiddlewares.httpproxy.HttpProxyMiddleware',
 'scrapy.downloadermiddlewares.stats.DownloaderStats']
2023-12-28 11:11:24 [scrapy.middleware] INFO: Enabled spider middlewares:
['scrapy.spidermiddlewares.httperror.HttpErrorMiddleware',
 'scrapy.spidermiddlewares.offsite.OffsiteMiddleware',
 'scrapy.spidermiddlewares.referer.RefererMiddleware',
 'scrapy.spidermiddlewares.urllength.UrlLengthMiddleware',
 'scrapy.spidermiddlewares.depth.DepthMiddleware']
2023-12-28 11:11:24 [scrapy.middleware] INFO: Enabled item pipelines:
[]
2023-12-28 11:11:24 [scrapy.extensions.telnet] INFO: Telnet console listening on 127.0.0.1:6023
2023-12-28 11:14:07 [scrapy.utils.log] INFO: Scrapy 2.11.0 started (bot: crawler)
2023-12-28 11:14:07 [scrapy.utils.log] INFO: Versions: lxml 4.9.4.0, libxml2 2.10.3, cssselect 1.2.0, parsel 1.8.1, w3lib 2.1.2, Twisted 22.10.0, Python 3.11.5 (main, Sep 11 2023, 08:31:25) [Clang 14.0.6 ], pyOpenSSL 23.3.0 (OpenSSL 3.1.4 24 Oct 2023), cryptography 41.0.7, Platform macOS-13.6.1-arm64-arm-64bit
2023-12-28 11:14:07 [scrapy.addons] INFO: Enabled addons:
[]
2023-12-28 11:14:07 [asyncio] DEBUG: Using selector: KqueueSelector
2023-12-28 11:14:07 [scrapy.utils.log] DEBUG: Using reactor: twisted.internet.asyncioreactor.AsyncioSelectorReactor
2023-12-28 11:14:07 [scrapy.utils.log] DEBUG: Using asyncio event loop: asyncio.unix_events._UnixSelectorEventLoop
2023-12-28 11:14:07 [scrapy.extensions.telnet] INFO: Telnet Password: 6d4355f606a2fd7f
2023-12-28 11:14:07 [scrapy.middleware] INFO: Enabled extensions:
['scrapy.extensions.corestats.CoreStats',
 'scrapy.extensions.telnet.TelnetConsole',
 'scrapy.extensions.memusage.MemoryUsage']
2023-12-28 11:14:07 [scrapy.crawler] INFO: Overridden settings:
{'BOT_NAME': 'crawler',
 'DUPEFILTER_CLASS': 'scrapy.dupefilters.BaseDupeFilter',
 'FEED_EXPORT_ENCODING': 'utf-8',
 'LOGSTATS_INTERVAL': 0,
 'LOG_FILE': 'crawler.log',
 'NEWSPIDER_MODULE': 'crawler.spiders',
 'REQUEST_FINGERPRINTER_IMPLEMENTATION': '2.7',
 'SPIDER_MODULES': ['crawler.spiders'],
 'TWISTED_REACTOR': 'twisted.internet.asyncioreactor.AsyncioSelectorReactor'}
2023-12-28 11:14:07 [scrapy.middleware] INFO: Enabled downloader middlewares:
['scrapy.downloadermiddlewares.httpauth.HttpAuthMiddleware',
 'scrapy.downloadermiddlewares.downloadtimeout.DownloadTimeoutMiddleware',
 'scrapy.downloadermiddlewares.defaultheaders.DefaultHeadersMiddleware',
 'scrapy.downloadermiddlewares.useragent.UserAgentMiddleware',
 'scrapy.downloadermiddlewares.retry.RetryMiddleware',
 'scrapy.downloadermiddlewares.redirect.MetaRefreshMiddleware',
 'scrapy.downloadermiddlewares.httpcompression.HttpCompressionMiddleware',
 'scrapy.downloadermiddlewares.redirect.RedirectMiddleware',
 'scrapy.downloadermiddlewares.cookies.CookiesMiddleware',
 'scrapy.downloadermiddlewares.httpproxy.HttpProxyMiddleware',
 'scrapy.downloadermiddlewares.stats.DownloaderStats']
2023-12-28 11:14:07 [scrapy.middleware] INFO: Enabled spider middlewares:
['scrapy.spidermiddlewares.httperror.HttpErrorMiddleware',
 'scrapy.spidermiddlewares.offsite.OffsiteMiddleware',
 'scrapy.spidermiddlewares.referer.RefererMiddleware',
 'scrapy.spidermiddlewares.urllength.UrlLengthMiddleware',
 'scrapy.spidermiddlewares.depth.DepthMiddleware']
2023-12-28 11:14:07 [scrapy.middleware] INFO: Enabled item pipelines:
[]
2023-12-28 11:14:07 [scrapy.extensions.telnet] INFO: Telnet console listening on 127.0.0.1:6023
2023-12-28 11:16:28 [scrapy.core.engine] INFO: Spider opened
2023-12-28 11:16:29 [scrapy.core.engine] DEBUG: Crawled (200) <GET https://quasarzone.com/bbs/qf_hatv/views/15694> (referer: None)
