2023-12-27 22:03:19 [scrapy.utils.log] INFO: Scrapy 2.11.0 started (bot: crawler)
2023-12-27 22:03:19 [scrapy.utils.log] INFO: Versions: lxml 4.9.4.0, libxml2 2.10.3, cssselect 1.2.0, parsel 1.8.1, w3lib 2.1.2, Twisted 22.10.0, Python 3.11.5 (main, Sep 11 2023, 08:31:25) [Clang 14.0.6 ], pyOpenSSL 23.3.0 (OpenSSL 3.1.4 24 Oct 2023), cryptography 41.0.7, Platform macOS-13.6.1-arm64-arm-64bit
2023-12-27 22:03:19 [scrapy.addons] INFO: Enabled addons:
[]
2023-12-27 22:03:19 [asyncio] DEBUG: Using selector: KqueueSelector
2023-12-27 22:03:19 [scrapy.utils.log] DEBUG: Using reactor: twisted.internet.asyncioreactor.AsyncioSelectorReactor
2023-12-27 22:03:19 [scrapy.utils.log] DEBUG: Using asyncio event loop: asyncio.unix_events._UnixSelectorEventLoop
2023-12-27 22:03:19 [scrapy.extensions.telnet] INFO: Telnet Password: 1ac1784bef0a197a
2023-12-27 22:03:19 [scrapy.middleware] INFO: Enabled extensions:
['scrapy.extensions.corestats.CoreStats',
 'scrapy.extensions.telnet.TelnetConsole',
 'scrapy.extensions.memusage.MemoryUsage',
 'scrapy.extensions.logstats.LogStats']
2023-12-27 22:03:19 [scrapy.crawler] INFO: Overridden settings:
{'BOT_NAME': 'crawler',
 'FEED_EXPORT_ENCODING': 'utf-8',
 'LOG_FILE': 'crawler.log',
 'NEWSPIDER_MODULE': 'crawler.spiders',
 'REQUEST_FINGERPRINTER_IMPLEMENTATION': '2.7',
 'SPIDER_MODULES': ['crawler.spiders'],
 'TWISTED_REACTOR': 'twisted.internet.asyncioreactor.AsyncioSelectorReactor'}
2023-12-27 22:03:19 [scrapy.middleware] INFO: Enabled downloader middlewares:
['scrapy.downloadermiddlewares.httpauth.HttpAuthMiddleware',
 'scrapy.downloadermiddlewares.downloadtimeout.DownloadTimeoutMiddleware',
 'scrapy.downloadermiddlewares.defaultheaders.DefaultHeadersMiddleware',
 'scrapy.downloadermiddlewares.useragent.UserAgentMiddleware',
 'scrapy.downloadermiddlewares.retry.RetryMiddleware',
 'scrapy.downloadermiddlewares.redirect.MetaRefreshMiddleware',
 'scrapy.downloadermiddlewares.httpcompression.HttpCompressionMiddleware',
 'scrapy.downloadermiddlewares.redirect.RedirectMiddleware',
 'scrapy.downloadermiddlewares.cookies.CookiesMiddleware',
 'scrapy.downloadermiddlewares.httpproxy.HttpProxyMiddleware',
 'scrapy.downloadermiddlewares.stats.DownloaderStats']
2023-12-27 22:03:19 [scrapy.middleware] INFO: Enabled spider middlewares:
['scrapy.spidermiddlewares.httperror.HttpErrorMiddleware',
 'scrapy.spidermiddlewares.offsite.OffsiteMiddleware',
 'scrapy.spidermiddlewares.referer.RefererMiddleware',
 'scrapy.spidermiddlewares.urllength.UrlLengthMiddleware',
 'scrapy.spidermiddlewares.depth.DepthMiddleware']
2023-12-27 22:03:19 [scrapy.middleware] INFO: Enabled item pipelines:
[]
2023-12-27 22:03:19 [scrapy.core.engine] INFO: Spider opened
2023-12-27 22:03:19 [scrapy.extensions.logstats] INFO: Crawled 0 pages (at 0 pages/min), scraped 0 items (at 0 items/min)
2023-12-27 22:03:19 [scrapy.extensions.telnet] INFO: Telnet console listening on 127.0.0.1:6023
2023-12-27 22:03:19 [scrapy.core.engine] DEBUG: Crawled (200) <GET https://quasarzone.com/groupSearches?keyword=%7B%7D> (referer: None)
2023-12-27 22:03:19 [scrapy.core.engine] INFO: Closing spider (finished)
2023-12-27 22:03:19 [scrapy.statscollectors] INFO: Dumping Scrapy stats:
{'downloader/request_bytes': 243,
 'downloader/request_count': 1,
 'downloader/request_method_count/GET': 1,
 'downloader/response_bytes': 33509,
 'downloader/response_count': 1,
 'downloader/response_status_count/200': 1,
 'elapsed_time_seconds': 0.2692,
 'finish_reason': 'finished',
 'finish_time': datetime.datetime(2023, 12, 27, 13, 3, 19, 425007, tzinfo=datetime.timezone.utc),
 'httpcompression/response_bytes': 118078,
 'httpcompression/response_count': 1,
 'log_count/DEBUG': 4,
 'log_count/INFO': 10,
 'memusage/max': 66093056,
 'memusage/startup': 66093056,
 'response_received_count': 1,
 'scheduler/dequeued': 1,
 'scheduler/dequeued/memory': 1,
 'scheduler/enqueued': 1,
 'scheduler/enqueued/memory': 1,
 'start_time': datetime.datetime(2023, 12, 27, 13, 3, 19, 155807, tzinfo=datetime.timezone.utc)}
2023-12-27 22:03:19 [scrapy.core.engine] INFO: Spider closed (finished)
